Start testing: Mar 01 14:36 Новосибирское стандартное время
----------------------------------------------------------
1/1 Testing: MyClassTest.test_sozd
1/1 Test: MyClassTest.test_sozd
Command: "C:/Users/Professional/Desktop/РњРћРџ/Sugar_daddy/shit/build/tests/Debug/hello_test2.exe" "--gtest_filter=MyClassTest.test_sozd" "--gtest_also_run_disabled_tests"
Directory: C:/Users/Professional/Desktop/РњРћРџ/Sugar_daddy/shit/build/tests
"MyClassTest.test_sozd" start time: Mar 01 14:36 Новосибирское стандартное время
Output:
----------------------------------------------------------
Running main() from C:\Users\Professional\Desktop\РњРћРџ\Sugar_daddy\shit\build\_deps\googletest-src\googletest\src\gtest_main.cc
Note: Google Test filter = MyClassTest.test_sozd
[==========] Running 1 test from 1 test suite.
[----------] Global test environment set-up.
[----------] 1 test from MyClassTest
[ RUN      ] MyClassTest.test_sozd
[       OK ] MyClassTest.test_sozd (0 ms)
[----------] 1 test from MyClassTest (0 ms total)

[----------] Global test environment tear-down
[==========] 1 test from 1 test suite ran. (0 ms total)
[  PASSED  ] 1 test.
<end of output>
Test time =   0.00 sec
----------------------------------------------------------
Test Passed.
"MyClassTest.test_sozd" end time: Mar 01 14:36 Новосибирское стандартное время
"MyClassTest.test_sozd" time elapsed: 00:00:00
----------------------------------------------------------

End testing: Mar 01 14:36 Новосибирское стандартное время
